{
  "stats": {
    "suites": 1,
    "tests": 1,
    "passes": 1,
    "pending": 0,
    "failures": 0,
    "start": "2021-04-27T22:28:29.854Z",
    "end": "2021-04-27T22:28:36.297Z",
    "duration": 6443,
    "testsRegistered": 1,
    "passPercent": 100,
    "pendingPercent": 0,
    "other": 0,
    "hasOther": false,
    "skipped": 0,
    "hasSkipped": false
  },
  "results": [
    {
      "uuid": "bec769be-79c4-40ed-b482-4b51fcc54c8e",
      "title": "",
      "fullFile": "cypress/integration/page-objects.spec.js",
      "file": "cypress/integration/page-objects.spec.js",
      "beforeHooks": [],
      "afterHooks": [],
      "tests": [],
      "suites": [
        {
          "uuid": "d0b44926-73c9-4730-a526-d21129a3e04e",
          "title": "Testsuite",
          "fullFile": "",
          "file": "",
          "beforeHooks": [],
          "afterHooks": [],
          "tests": [
            {
              "title": "Create a new client",
              "fullTitle": "Testsuite Create a new client",
              "timedOut": null,
              "duration": 6303,
              "state": "passed",
              "speed": "slow",
              "pass": true,
              "fail": false,
              "pending": false,
              "context": null,
              "code": "indexPage.viewClients(\"Clients\"); // cy.percySnapshot(\"FIRST SNAP\");\nclientsPage.viewNewClient(\"New Client\");\nnewClientPage.createNewClient(randomName, randomMail, randomPhone, \"Clients\");\nclientsPage.verifyLastClient(randomName, randomMail, randomPhone);\ncy.wait(500);",
              "err": {},
              "uuid": "a89ad561-293f-45a5-ada5-6c2cd8f4d037",
              "parentUUID": "d0b44926-73c9-4730-a526-d21129a3e04e",
              "isHook": false,
              "skipped": false
            }
          ],
          "suites": [],
          "passes": [
            "a89ad561-293f-45a5-ada5-6c2cd8f4d037"
          ],
          "failures": [],
          "pending": [],
          "skipped": [],
          "duration": 6303,
          "root": false,
          "rootEmpty": false,
          "_timeout": 2000
        }
      ],
      "passes": [],
      "failures": [],
      "pending": [],
      "skipped": [],
      "duration": 0,
      "root": true,
      "rootEmpty": true,
      "_timeout": 2000
    }
  ],
  "meta": {
    "mocha": {
      "version": "7.0.1"
    },
    "mochawesome": {
      "options": {
        "quiet": false,
        "reportFilename": "mochawesome",
        "saveHtml": false,
        "saveJson": true,
        "consoleReporter": "spec",
        "useInlineDiffs": false,
        "code": true
      },
      "version": "6.2.2"
    },
    "marge": {
      "options": {
        "reportDir": "cypress/results",
        "overwrite": false,
        "html": false,
        "json": true
      },
      "version": "5.2.0"
    }
  }
}